2022-05-28 09:10:34.947  WARN 17048 --- [HikariPool-15 housekeeper] com.zaxxer.hikari.pool.HikariPool        : HikariPool-15 - Thread starvation or clock leap detected (housekeeper delta=17h11m32s533ms734µs900ns).
2022-05-28 09:59:48.356  INFO 35144 --- [restartedMain] c.b.a.AddressBookAppApplication          : Starting AddressBookAppApplication using Java 17.0.2 on LAPTOP-JOB4074E with PID 35144 (C:\Users\91824\Documents\workspace-spring-tool-suite-4-4.14.1.RELEASE\AddressBookApp\target\classes started by root in C:\Users\91824\Documents\workspace-spring-tool-suite-4-4.14.1.RELEASE\AddressBookApp)
2022-05-28 09:59:48.362 DEBUG 35144 --- [restartedMain] c.b.a.AddressBookAppApplication          : Running with Spring Boot v2.7.0, Spring v5.3.20
2022-05-28 09:59:48.364  INFO 35144 --- [restartedMain] c.b.a.AddressBookAppApplication          : The following 1 profile is active: "dev"
2022-05-28 09:59:55.886  WARN 35144 --- [restartedMain] JpaBaseConfiguration$JpaWebConfiguration : spring.jpa.open-in-view is enabled by default. Therefore, database queries may be performed during view rendering. Explicitly configure spring.jpa.open-in-view to disable this warning
2022-05-28 09:59:56.702  INFO 35144 --- [restartedMain] c.b.a.AddressBookAppApplication          : Started AddressBookAppApplication in 9.134 seconds (JVM running for 11.097)
2022-05-28 09:59:56.710  INFO 35144 --- [restartedMain] c.b.a.AddressBookAppApplication          : logging started
2022-05-28 09:59:56.711  INFO 35144 --- [restartedMain] c.b.a.AddressBookAppApplication          : Employee payroll is started in COMMON environment
2022-05-28 09:59:56.715  INFO 35144 --- [restartedMain] c.b.a.AddressBookAppApplication          : Employee payroll DB user is root 
2022-05-28 10:03:17.696 ERROR 35144 --- [http-nio-8080-exec-7] o.h.engine.jdbc.spi.SqlExceptionHelper   : You have an error in your SQL syntax; check the manual that corresponds to your MySQL server version for the right syntax to use near 'and city= 'pune'' at line 1
2022-05-28 10:03:17.725 ERROR 35144 --- [http-nio-8080-exec-7] o.a.c.c.C.[.[.[/].[dispatcherServlet]    : Servlet.service() for servlet [dispatcherServlet] in context with path [] threw exception [Request processing failed; nested exception is org.springframework.dao.InvalidDataAccessResourceUsageException: could not extract ResultSet; SQL [n/a]; nested exception is org.hibernate.exception.SQLGrammarException: could not extract ResultSet] with root cause

java.sql.SQLSyntaxErrorException: You have an error in your SQL syntax; check the manual that corresponds to your MySQL server version for the right syntax to use near 'and city= 'pune'' at line 1
	at com.mysql.cj.jdbc.exceptions.SQLError.createSQLException(SQLError.java:120) ~[mysql-connector-java-8.0.29.jar:8.0.29]
	at com.mysql.cj.jdbc.exceptions.SQLExceptionsMapping.translateException(SQLExceptionsMapping.java:122) ~[mysql-connector-java-8.0.29.jar:8.0.29]
	at com.mysql.cj.jdbc.ClientPreparedStatement.executeInternal(ClientPreparedStatement.java:916) ~[mysql-connector-java-8.0.29.jar:8.0.29]
	at com.mysql.cj.jdbc.ClientPreparedStatement.executeQuery(ClientPreparedStatement.java:972) ~[mysql-connector-java-8.0.29.jar:8.0.29]
	at com.zaxxer.hikari.pool.ProxyPreparedStatement.executeQuery(ProxyPreparedStatement.java:52) ~[HikariCP-4.0.3.jar:na]
	at com.zaxxer.hikari.pool.HikariProxyPreparedStatement.executeQuery(HikariProxyPreparedStatement.java) ~[HikariCP-4.0.3.jar:na]
	at org.hibernate.engine.jdbc.internal.ResultSetReturnImpl.extract(ResultSetReturnImpl.java:57) ~[hibernate-core-5.6.9.Final.jar:5.6.9.Final]
	at org.hibernate.loader.Loader.getResultSet(Loader.java:2322) ~[hibernate-core-5.6.9.Final.jar:5.6.9.Final]
	at org.hibernate.loader.Loader.executeQueryStatement(Loader.java:2075) ~[hibernate-core-5.6.9.Final.jar:5.6.9.Final]
	at org.hibernate.loader.Loader.executeQueryStatement(Loader.java:2037) ~[hibernate-core-5.6.9.Final.jar:5.6.9.Final]
	at org.hibernate.loader.Loader.doQuery(Loader.java:956) ~[hibernate-core-5.6.9.Final.jar:5.6.9.Final]
	at org.hibernate.loader.Loader.doQueryAndInitializeNonLazyCollections(Loader.java:357) ~[hibernate-core-5.6.9.Final.jar:5.6.9.Final]
	at org.hibernate.loader.Loader.doList(Loader.java:2868) ~[hibernate-core-5.6.9.Final.jar:5.6.9.Final]
	at org.hibernate.loader.Loader.doList(Loader.java:2850) ~[hibernate-core-5.6.9.Final.jar:5.6.9.Final]
	at org.hibernate.loader.Loader.listIgnoreQueryCache(Loader.java:2682) ~[hibernate-core-5.6.9.Final.jar:5.6.9.Final]
	at org.hibernate.loader.Loader.list(Loader.java:2677) ~[hibernate-core-5.6.9.Final.jar:5.6.9.Final]
	at org.hibernate.loader.custom.CustomLoader.list(CustomLoader.java:338) ~[hibernate-core-5.6.9.Final.jar:5.6.9.Final]
	at org.hibernate.internal.SessionImpl.listCustomQuery(SessionImpl.java:2186) ~[hibernate-core-5.6.9.Final.jar:5.6.9.Final]
	at org.hibernate.internal.AbstractSharedSessionContract.list(AbstractSharedSessionContract.java:1204) ~[hibernate-core-5.6.9.Final.jar:5.6.9.Final]
	at org.hibernate.query.internal.NativeQueryImpl.doList(NativeQueryImpl.java:177) ~[hibernate-core-5.6.9.Final.jar:5.6.9.Final]
	at org.hibernate.query.internal.AbstractProducedQuery.list(AbstractProducedQuery.java:1617) ~[hibernate-core-5.6.9.Final.jar:5.6.9.Final]
	at org.hibernate.query.Query.getResultList(Query.java:165) ~[hibernate-core-5.6.9.Final.jar:5.6.9.Final]
	at org.springframework.data.jpa.repository.query.JpaQueryExecution$CollectionExecution.doExecute(JpaQueryExecution.java:128) ~[spring-data-jpa-2.7.0.jar:2.7.0]
	at org.springframework.data.jpa.repository.query.JpaQueryExecution.execute(JpaQueryExecution.java:90) ~[spring-data-jpa-2.7.0.jar:2.7.0]
	at org.springframework.data.jpa.repository.query.AbstractJpaQuery.doExecute(AbstractJpaQuery.java:156) ~[spring-data-jpa-2.7.0.jar:2.7.0]
	at org.springframework.data.jpa.repository.query.AbstractJpaQuery.execute(AbstractJpaQuery.java:144) ~[spring-data-jpa-2.7.0.jar:2.7.0]
	at org.springframework.data.repository.core.support.RepositoryMethodInvoker.doInvoke(RepositoryMethodInvoker.java:137) ~[spring-data-commons-2.7.0.jar:2.7.0]
	at org.springframework.data.repository.core.support.RepositoryMethodInvoker.invoke(RepositoryMethodInvoker.java:121) ~[spring-data-commons-2.7.0.jar:2.7.0]
	at org.springframework.data.repository.core.support.QueryExecutorMethodInterceptor.doInvoke(QueryExecutorMethodInterceptor.java:159) ~[spring-data-commons-2.7.0.jar:2.7.0]
	at org.springframework.data.repository.core.support.QueryExecutorMethodInterceptor.invoke(QueryExecutorMethodInterceptor.java:138) ~[spring-data-commons-2.7.0.jar:2.7.0]
	at org.springframework.aop.framework.ReflectiveMethodInvocation.proceed(ReflectiveMethodInvocation.java:186) ~[spring-aop-5.3.20.jar:5.3.20]
	at org.springframework.data.projection.DefaultMethodInvokingMethodInterceptor.invoke(DefaultMethodInvokingMethodInterceptor.java:80) ~[spring-data-commons-2.7.0.jar:2.7.0]
	at org.springframework.aop.framework.ReflectiveMethodInvocation.proceed(ReflectiveMethodInvocation.java:186) ~[spring-aop-5.3.20.jar:5.3.20]
	at org.springframework.transaction.interceptor.TransactionInterceptor$1.proceedWithInvocation(TransactionInterceptor.java:123) ~[spring-tx-5.3.20.jar:5.3.20]
	at org.springframework.transaction.interceptor.TransactionAspectSupport.invokeWithinTransaction(TransactionAspectSupport.java:388) ~[spring-tx-5.3.20.jar:5.3.20]
	at org.springframework.transaction.interceptor.TransactionInterceptor.invoke(TransactionInterceptor.java:119) ~[spring-tx-5.3.20.jar:5.3.20]
	at org.springframework.aop.framework.ReflectiveMethodInvocation.proceed(ReflectiveMethodInvocation.java:186) ~[spring-aop-5.3.20.jar:5.3.20]
	at org.springframework.dao.support.PersistenceExceptionTranslationInterceptor.invoke(PersistenceExceptionTranslationInterceptor.java:137) ~[spring-tx-5.3.20.jar:5.3.20]
	at org.springframework.aop.framework.ReflectiveMethodInvocation.proceed(ReflectiveMethodInvocation.java:186) ~[spring-aop-5.3.20.jar:5.3.20]
	at org.springframework.data.jpa.repository.support.CrudMethodMetadataPostProcessor$CrudMethodMetadataPopulatingMethodInterceptor.invoke(CrudMethodMetadataPostProcessor.java:145) ~[spring-data-jpa-2.7.0.jar:2.7.0]
	at org.springframework.aop.framework.ReflectiveMethodInvocation.proceed(ReflectiveMethodInvocation.java:186) ~[spring-aop-5.3.20.jar:5.3.20]
	at org.springframework.aop.interceptor.ExposeInvocationInterceptor.invoke(ExposeInvocationInterceptor.java:97) ~[spring-aop-5.3.20.jar:5.3.20]
	at org.springframework.aop.framework.ReflectiveMethodInvocation.proceed(ReflectiveMethodInvocation.java:186) ~[spring-aop-5.3.20.jar:5.3.20]
	at org.springframework.aop.framework.JdkDynamicAopProxy.invoke(JdkDynamicAopProxy.java:215) ~[spring-aop-5.3.20.jar:5.3.20]
	at jdk.proxy3/jdk.proxy3.$Proxy109.sortAddressbookDataByCity(Unknown Source) ~[na:na]
	at com.bridgelabz.addressbookapp.service.AddressbookService.sortAddressbookDataByCity(AddressbookService.java:57) ~[classes/:na]
	at com.bridgelabz.addressbookapp.controller.AddressbookController.sortAddressbookDataByCity(AddressbookController.java:72) ~[classes/:na]
	at java.base/jdk.internal.reflect.NativeMethodAccessorImpl.invoke0(Native Method) ~[na:na]
	at java.base/jdk.internal.reflect.NativeMethodAccessorImpl.invoke(NativeMethodAccessorImpl.java:77) ~[na:na]
	at java.base/jdk.internal.reflect.DelegatingMethodAccessorImpl.invoke(DelegatingMethodAccessorImpl.java:43) ~[na:na]
	at java.base/java.lang.reflect.Method.invoke(Method.java:568) ~[na:na]
	at org.springframework.web.method.support.InvocableHandlerMethod.doInvoke(InvocableHandlerMethod.java:205) ~[spring-web-5.3.20.jar:5.3.20]
	at org.springframework.web.method.support.InvocableHandlerMethod.invokeForRequest(InvocableHandlerMethod.java:150) ~[spring-web-5.3.20.jar:5.3.20]
	at org.springframework.web.servlet.mvc.method.annotation.ServletInvocableHandlerMethod.invokeAndHandle(ServletInvocableHandlerMethod.java:117) ~[spring-webmvc-5.3.20.jar:5.3.20]
	at org.springframework.web.servlet.mvc.method.annotation.RequestMappingHandlerAdapter.invokeHandlerMethod(RequestMappingHandlerAdapter.java:895) ~[spring-webmvc-5.3.20.jar:5.3.20]
	at org.springframework.web.servlet.mvc.method.annotation.RequestMappingHandlerAdapter.handleInternal(RequestMappingHandlerAdapter.java:808) ~[spring-webmvc-5.3.20.jar:5.3.20]
	at org.springframework.web.servlet.mvc.method.AbstractHandlerMethodAdapter.handle(AbstractHandlerMethodAdapter.java:87) ~[spring-webmvc-5.3.20.jar:5.3.20]
	at org.springframework.web.servlet.DispatcherServlet.doDispatch(DispatcherServlet.java:1067) ~[spring-webmvc-5.3.20.jar:5.3.20]
	at org.springframework.web.servlet.DispatcherServlet.doService(DispatcherServlet.java:963) ~[spring-webmvc-5.3.20.jar:5.3.20]
	at org.springframework.web.servlet.FrameworkServlet.processRequest(FrameworkServlet.java:1006) ~[spring-webmvc-5.3.20.jar:5.3.20]
	at org.springframework.web.servlet.FrameworkServlet.doGet(FrameworkServlet.java:898) ~[spring-webmvc-5.3.20.jar:5.3.20]
	at javax.servlet.http.HttpServlet.service(HttpServlet.java:655) ~[tomcat-embed-core-9.0.63.jar:4.0.FR]
	at org.springframework.web.servlet.FrameworkServlet.service(FrameworkServlet.java:883) ~[spring-webmvc-5.3.20.jar:5.3.20]
	at javax.servlet.http.HttpServlet.service(HttpServlet.java:764) ~[tomcat-embed-core-9.0.63.jar:4.0.FR]
	at org.apache.catalina.core.ApplicationFilterChain.internalDoFilter(ApplicationFilterChain.java:227) ~[tomcat-embed-core-9.0.63.jar:9.0.63]
	at org.apache.catalina.core.ApplicationFilterChain.doFilter(ApplicationFilterChain.java:162) ~[tomcat-embed-core-9.0.63.jar:9.0.63]
	at org.apache.tomcat.websocket.server.WsFilter.doFilter(WsFilter.java:53) ~[tomcat-embed-websocket-9.0.63.jar:9.0.63]
	at org.apache.catalina.core.ApplicationFilterChain.internalDoFilter(ApplicationFilterChain.java:189) ~[tomcat-embed-core-9.0.63.jar:9.0.63]
	at org.apache.catalina.core.ApplicationFilterChain.doFilter(ApplicationFilterChain.java:162) ~[tomcat-embed-core-9.0.63.jar:9.0.63]
	at org.springframework.web.filter.RequestContextFilter.doFilterInternal(RequestContextFilter.java:100) ~[spring-web-5.3.20.jar:5.3.20]
	at org.springframework.web.filter.OncePerRequestFilter.doFilter(OncePerRequestFilter.java:117) ~[spring-web-5.3.20.jar:5.3.20]
	at org.apache.catalina.core.ApplicationFilterChain.internalDoFilter(ApplicationFilterChain.java:189) ~[tomcat-embed-core-9.0.63.jar:9.0.63]
	at org.apache.catalina.core.ApplicationFilterChain.doFilter(ApplicationFilterChain.java:162) ~[tomcat-embed-core-9.0.63.jar:9.0.63]
	at org.springframework.web.filter.FormContentFilter.doFilterInternal(FormContentFilter.java:93) ~[spring-web-5.3.20.jar:5.3.20]
	at org.springframework.web.filter.OncePerRequestFilter.doFilter(OncePerRequestFilter.java:117) ~[spring-web-5.3.20.jar:5.3.20]
	at org.apache.catalina.core.ApplicationFilterChain.internalDoFilter(ApplicationFilterChain.java:189) ~[tomcat-embed-core-9.0.63.jar:9.0.63]
	at org.apache.catalina.core.ApplicationFilterChain.doFilter(ApplicationFilterChain.java:162) ~[tomcat-embed-core-9.0.63.jar:9.0.63]
	at org.springframework.web.filter.CharacterEncodingFilter.doFilterInternal(CharacterEncodingFilter.java:201) ~[spring-web-5.3.20.jar:5.3.20]
	at org.springframework.web.filter.OncePerRequestFilter.doFilter(OncePerRequestFilter.java:117) ~[spring-web-5.3.20.jar:5.3.20]
	at org.apache.catalina.core.ApplicationFilterChain.internalDoFilter(ApplicationFilterChain.java:189) ~[tomcat-embed-core-9.0.63.jar:9.0.63]
	at org.apache.catalina.core.ApplicationFilterChain.doFilter(ApplicationFilterChain.java:162) ~[tomcat-embed-core-9.0.63.jar:9.0.63]
	at org.apache.catalina.core.StandardWrapperValve.invoke(StandardWrapperValve.java:197) ~[tomcat-embed-core-9.0.63.jar:9.0.63]
	at org.apache.catalina.core.StandardContextValve.invoke(StandardContextValve.java:97) ~[tomcat-embed-core-9.0.63.jar:9.0.63]
	at org.apache.catalina.authenticator.AuthenticatorBase.invoke(AuthenticatorBase.java:541) ~[tomcat-embed-core-9.0.63.jar:9.0.63]
	at org.apache.catalina.core.StandardHostValve.invoke(StandardHostValve.java:135) ~[tomcat-embed-core-9.0.63.jar:9.0.63]
	at org.apache.catalina.valves.ErrorReportValve.invoke(ErrorReportValve.java:92) ~[tomcat-embed-core-9.0.63.jar:9.0.63]
	at org.apache.catalina.core.StandardEngineValve.invoke(StandardEngineValve.java:78) ~[tomcat-embed-core-9.0.63.jar:9.0.63]
	at org.apache.catalina.connector.CoyoteAdapter.service(CoyoteAdapter.java:360) ~[tomcat-embed-core-9.0.63.jar:9.0.63]
	at org.apache.coyote.http11.Http11Processor.service(Http11Processor.java:399) ~[tomcat-embed-core-9.0.63.jar:9.0.63]
	at org.apache.coyote.AbstractProcessorLight.process(AbstractProcessorLight.java:65) ~[tomcat-embed-core-9.0.63.jar:9.0.63]
	at org.apache.coyote.AbstractProtocol$ConnectionHandler.process(AbstractProtocol.java:890) ~[tomcat-embed-core-9.0.63.jar:9.0.63]
	at org.apache.tomcat.util.net.NioEndpoint$SocketProcessor.doRun(NioEndpoint.java:1743) ~[tomcat-embed-core-9.0.63.jar:9.0.63]
	at org.apache.tomcat.util.net.SocketProcessorBase.run(SocketProcessorBase.java:49) ~[tomcat-embed-core-9.0.63.jar:9.0.63]
	at org.apache.tomcat.util.threads.ThreadPoolExecutor.runWorker(ThreadPoolExecutor.java:1191) ~[tomcat-embed-core-9.0.63.jar:9.0.63]
	at org.apache.tomcat.util.threads.ThreadPoolExecutor$Worker.run(ThreadPoolExecutor.java:659) ~[tomcat-embed-core-9.0.63.jar:9.0.63]
	at org.apache.tomcat.util.threads.TaskThread$WrappingRunnable.run(TaskThread.java:61) ~[tomcat-embed-core-9.0.63.jar:9.0.63]
	at java.base/java.lang.Thread.run(Thread.java:833) ~[na:na]

2022-05-28 10:08:51.972  INFO 35144 --- [restartedMain] c.b.a.AddressBookAppApplication          : Starting AddressBookAppApplication using Java 17.0.2 on LAPTOP-JOB4074E with PID 35144 (C:\Users\91824\Documents\workspace-spring-tool-suite-4-4.14.1.RELEASE\AddressBookApp\target\classes started by root in C:\Users\91824\Documents\workspace-spring-tool-suite-4-4.14.1.RELEASE\AddressBookApp)
2022-05-28 10:08:51.973 DEBUG 35144 --- [restartedMain] c.b.a.AddressBookAppApplication          : Running with Spring Boot v2.7.0, Spring v5.3.20
2022-05-28 10:08:51.973  INFO 35144 --- [restartedMain] c.b.a.AddressBookAppApplication          : The following 1 profile is active: "dev"
2022-05-28 10:08:53.060  WARN 35144 --- [restartedMain] JpaBaseConfiguration$JpaWebConfiguration : spring.jpa.open-in-view is enabled by default. Therefore, database queries may be performed during view rendering. Explicitly configure spring.jpa.open-in-view to disable this warning
2022-05-28 10:08:53.363  INFO 35144 --- [restartedMain] c.b.a.AddressBookAppApplication          : Started AddressBookAppApplication in 1.459 seconds (JVM running for 547.758)
2022-05-28 10:08:53.369  INFO 35144 --- [restartedMain] c.b.a.AddressBookAppApplication          : logging started
2022-05-28 10:08:53.370  INFO 35144 --- [restartedMain] c.b.a.AddressBookAppApplication          : Employee payroll is started in COMMON environment
2022-05-28 10:08:53.371  INFO 35144 --- [restartedMain] c.b.a.AddressBookAppApplication          : Employee payroll DB user is root 
2022-05-28 10:09:02.075  INFO 35144 --- [restartedMain] c.b.a.AddressBookAppApplication          : Starting AddressBookAppApplication using Java 17.0.2 on LAPTOP-JOB4074E with PID 35144 (C:\Users\91824\Documents\workspace-spring-tool-suite-4-4.14.1.RELEASE\AddressBookApp\target\classes started by root in C:\Users\91824\Documents\workspace-spring-tool-suite-4-4.14.1.RELEASE\AddressBookApp)
2022-05-28 10:09:02.077 DEBUG 35144 --- [restartedMain] c.b.a.AddressBookAppApplication          : Running with Spring Boot v2.7.0, Spring v5.3.20
2022-05-28 10:09:02.077  INFO 35144 --- [restartedMain] c.b.a.AddressBookAppApplication          : The following 1 profile is active: "dev"
2022-05-28 10:09:03.078  WARN 35144 --- [restartedMain] JpaBaseConfiguration$JpaWebConfiguration : spring.jpa.open-in-view is enabled by default. Therefore, database queries may be performed during view rendering. Explicitly configure spring.jpa.open-in-view to disable this warning
2022-05-28 10:09:03.301  INFO 35144 --- [restartedMain] c.b.a.AddressBookAppApplication          : Started AddressBookAppApplication in 1.302 seconds (JVM running for 557.697)
2022-05-28 10:09:03.306  INFO 35144 --- [restartedMain] c.b.a.AddressBookAppApplication          : logging started
2022-05-28 10:09:03.307  INFO 35144 --- [restartedMain] c.b.a.AddressBookAppApplication          : Employee payroll is started in COMMON environment
2022-05-28 10:09:03.308  INFO 35144 --- [restartedMain] c.b.a.AddressBookAppApplication          : Employee payroll DB user is root 
2022-05-28 10:09:06.891  INFO 35144 --- [restartedMain] c.b.a.AddressBookAppApplication          : Starting AddressBookAppApplication using Java 17.0.2 on LAPTOP-JOB4074E with PID 35144 (C:\Users\91824\Documents\workspace-spring-tool-suite-4-4.14.1.RELEASE\AddressBookApp\target\classes started by root in C:\Users\91824\Documents\workspace-spring-tool-suite-4-4.14.1.RELEASE\AddressBookApp)
2022-05-28 10:09:06.892 DEBUG 35144 --- [restartedMain] c.b.a.AddressBookAppApplication          : Running with Spring Boot v2.7.0, Spring v5.3.20
2022-05-28 10:09:06.892  INFO 35144 --- [restartedMain] c.b.a.AddressBookAppApplication          : The following 1 profile is active: "dev"
2022-05-28 10:09:07.687  WARN 35144 --- [restartedMain] JpaBaseConfiguration$JpaWebConfiguration : spring.jpa.open-in-view is enabled by default. Therefore, database queries may be performed during view rendering. Explicitly configure spring.jpa.open-in-view to disable this warning
2022-05-28 10:09:07.911  INFO 35144 --- [restartedMain] c.b.a.AddressBookAppApplication          : Started AddressBookAppApplication in 1.072 seconds (JVM running for 562.307)
2022-05-28 10:09:07.915  INFO 35144 --- [restartedMain] c.b.a.AddressBookAppApplication          : logging started
2022-05-28 10:09:07.916  INFO 35144 --- [restartedMain] c.b.a.AddressBookAppApplication          : Employee payroll is started in COMMON environment
2022-05-28 10:09:07.917  INFO 35144 --- [restartedMain] c.b.a.AddressBookAppApplication          : Employee payroll DB user is root 
2022-05-28 10:11:34.671 ERROR 35144 --- [http-nio-8080-exec-3] o.a.c.c.C.[.[.[/].[dispatcherServlet]    : Servlet.service() for servlet [dispatcherServlet] in context with path [] threw exception [Request processing failed; nested exception is org.springframework.dao.InvalidDataAccessResourceUsageException: Named parameter not bound : city; nested exception is org.hibernate.QueryException: Named parameter not bound : city] with root cause

org.hibernate.QueryException: Named parameter not bound : city
	at org.hibernate.query.internal.QueryParameterBindingsImpl.verifyParametersBound(QueryParameterBindingsImpl.java:211) ~[hibernate-core-5.6.9.Final.jar:5.6.9.Final]
	at org.hibernate.query.internal.AbstractProducedQuery.beforeQuery(AbstractProducedQuery.java:1511) ~[hibernate-core-5.6.9.Final.jar:5.6.9.Final]
	at org.hibernate.query.internal.NativeQueryImpl.beforeQuery(NativeQueryImpl.java:253) ~[hibernate-core-5.6.9.Final.jar:5.6.9.Final]
	at org.hibernate.query.internal.AbstractProducedQuery.list(AbstractProducedQuery.java:1615) ~[hibernate-core-5.6.9.Final.jar:5.6.9.Final]
	at org.hibernate.query.Query.getResultList(Query.java:165) ~[hibernate-core-5.6.9.Final.jar:5.6.9.Final]
	at org.springframework.data.jpa.repository.query.JpaQueryExecution$CollectionExecution.doExecute(JpaQueryExecution.java:128) ~[spring-data-jpa-2.7.0.jar:2.7.0]
	at org.springframework.data.jpa.repository.query.JpaQueryExecution.execute(JpaQueryExecution.java:90) ~[spring-data-jpa-2.7.0.jar:2.7.0]
	at org.springframework.data.jpa.repository.query.AbstractJpaQuery.doExecute(AbstractJpaQuery.java:156) ~[spring-data-jpa-2.7.0.jar:2.7.0]
	at org.springframework.data.jpa.repository.query.AbstractJpaQuery.execute(AbstractJpaQuery.java:144) ~[spring-data-jpa-2.7.0.jar:2.7.0]
	at org.springframework.data.repository.core.support.RepositoryMethodInvoker.doInvoke(RepositoryMethodInvoker.java:137) ~[spring-data-commons-2.7.0.jar:2.7.0]
	at org.springframework.data.repository.core.support.RepositoryMethodInvoker.invoke(RepositoryMethodInvoker.java:121) ~[spring-data-commons-2.7.0.jar:2.7.0]
	at org.springframework.data.repository.core.support.QueryExecutorMethodInterceptor.doInvoke(QueryExecutorMethodInterceptor.java:159) ~[spring-data-commons-2.7.0.jar:2.7.0]
	at org.springframework.data.repository.core.support.QueryExecutorMethodInterceptor.invoke(QueryExecutorMethodInterceptor.java:138) ~[spring-data-commons-2.7.0.jar:2.7.0]
	at org.springframework.aop.framework.ReflectiveMethodInvocation.proceed(ReflectiveMethodInvocation.java:186) ~[spring-aop-5.3.20.jar:5.3.20]
	at org.springframework.data.projection.DefaultMethodInvokingMethodInterceptor.invoke(DefaultMethodInvokingMethodInterceptor.java:80) ~[spring-data-commons-2.7.0.jar:2.7.0]
	at org.springframework.aop.framework.ReflectiveMethodInvocation.proceed(ReflectiveMethodInvocation.java:186) ~[spring-aop-5.3.20.jar:5.3.20]
	at org.springframework.transaction.interceptor.TransactionInterceptor$1.proceedWithInvocation(TransactionInterceptor.java:123) ~[spring-tx-5.3.20.jar:5.3.20]
	at org.springframework.transaction.interceptor.TransactionAspectSupport.invokeWithinTransaction(TransactionAspectSupport.java:388) ~[spring-tx-5.3.20.jar:5.3.20]
	at org.springframework.transaction.interceptor.TransactionInterceptor.invoke(TransactionInterceptor.java:119) ~[spring-tx-5.3.20.jar:5.3.20]
	at org.springframework.aop.framework.ReflectiveMethodInvocation.proceed(ReflectiveMethodInvocation.java:186) ~[spring-aop-5.3.20.jar:5.3.20]
	at org.springframework.dao.support.PersistenceExceptionTranslationInterceptor.invoke(PersistenceExceptionTranslationInterceptor.java:137) ~[spring-tx-5.3.20.jar:5.3.20]
	at org.springframework.aop.framework.ReflectiveMethodInvocation.proceed(ReflectiveMethodInvocation.java:186) ~[spring-aop-5.3.20.jar:5.3.20]
	at org.springframework.data.jpa.repository.support.CrudMethodMetadataPostProcessor$CrudMethodMetadataPopulatingMethodInterceptor.invoke(CrudMethodMetadataPostProcessor.java:145) ~[spring-data-jpa-2.7.0.jar:2.7.0]
	at org.springframework.aop.framework.ReflectiveMethodInvocation.proceed(ReflectiveMethodInvocation.java:186) ~[spring-aop-5.3.20.jar:5.3.20]
	at org.springframework.aop.interceptor.ExposeInvocationInterceptor.invoke(ExposeInvocationInterceptor.java:97) ~[spring-aop-5.3.20.jar:5.3.20]
	at org.springframework.aop.framework.ReflectiveMethodInvocation.proceed(ReflectiveMethodInvocation.java:186) ~[spring-aop-5.3.20.jar:5.3.20]
	at org.springframework.aop.framework.JdkDynamicAopProxy.invoke(JdkDynamicAopProxy.java:215) ~[spring-aop-5.3.20.jar:5.3.20]
	at jdk.proxy7/jdk.proxy7.$Proxy133.sortAddressbookDataByCity(Unknown Source) ~[na:na]
	at com.bridgelabz.addressbookapp.service.AddressbookService.sortAddressbookDataByCity(AddressbookService.java:57) ~[classes/:na]
	at com.bridgelabz.addressbookapp.controller.AddressbookController.sortAddressbookDataByCity(AddressbookController.java:72) ~[classes/:na]
	at java.base/jdk.internal.reflect.NativeMethodAccessorImpl.invoke0(Native Method) ~[na:na]
	at java.base/jdk.internal.reflect.NativeMethodAccessorImpl.invoke(NativeMethodAccessorImpl.java:77) ~[na:na]
	at java.base/jdk.internal.reflect.DelegatingMethodAccessorImpl.invoke(DelegatingMethodAccessorImpl.java:43) ~[na:na]
	at java.base/java.lang.reflect.Method.invoke(Method.java:568) ~[na:na]
	at org.springframework.web.method.support.InvocableHandlerMethod.doInvoke(InvocableHandlerMethod.java:205) ~[spring-web-5.3.20.jar:5.3.20]
	at org.springframework.web.method.support.InvocableHandlerMethod.invokeForRequest(InvocableHandlerMethod.java:150) ~[spring-web-5.3.20.jar:5.3.20]
	at org.springframework.web.servlet.mvc.method.annotation.ServletInvocableHandlerMethod.invokeAndHandle(ServletInvocableHandlerMethod.java:117) ~[spring-webmvc-5.3.20.jar:5.3.20]
	at org.springframework.web.servlet.mvc.method.annotation.RequestMappingHandlerAdapter.invokeHandlerMethod(RequestMappingHandlerAdapter.java:895) ~[spring-webmvc-5.3.20.jar:5.3.20]
	at org.springframework.web.servlet.mvc.method.annotation.RequestMappingHandlerAdapter.handleInternal(RequestMappingHandlerAdapter.java:808) ~[spring-webmvc-5.3.20.jar:5.3.20]
	at org.springframework.web.servlet.mvc.method.AbstractHandlerMethodAdapter.handle(AbstractHandlerMethodAdapter.java:87) ~[spring-webmvc-5.3.20.jar:5.3.20]
	at org.springframework.web.servlet.DispatcherServlet.doDispatch(DispatcherServlet.java:1067) ~[spring-webmvc-5.3.20.jar:5.3.20]
	at org.springframework.web.servlet.DispatcherServlet.doService(DispatcherServlet.java:963) ~[spring-webmvc-5.3.20.jar:5.3.20]
	at org.springframework.web.servlet.FrameworkServlet.processRequest(FrameworkServlet.java:1006) ~[spring-webmvc-5.3.20.jar:5.3.20]
	at org.springframework.web.servlet.FrameworkServlet.doGet(FrameworkServlet.java:898) ~[spring-webmvc-5.3.20.jar:5.3.20]
	at javax.servlet.http.HttpServlet.service(HttpServlet.java:655) ~[tomcat-embed-core-9.0.63.jar:4.0.FR]
	at org.springframework.web.servlet.FrameworkServlet.service(FrameworkServlet.java:883) ~[spring-webmvc-5.3.20.jar:5.3.20]
	at javax.servlet.http.HttpServlet.service(HttpServlet.java:764) ~[tomcat-embed-core-9.0.63.jar:4.0.FR]
	at org.apache.catalina.core.ApplicationFilterChain.internalDoFilter(ApplicationFilterChain.java:227) ~[tomcat-embed-core-9.0.63.jar:9.0.63]
	at org.apache.catalina.core.ApplicationFilterChain.doFilter(ApplicationFilterChain.java:162) ~[tomcat-embed-core-9.0.63.jar:9.0.63]
	at org.apache.tomcat.websocket.server.WsFilter.doFilter(WsFilter.java:53) ~[tomcat-embed-websocket-9.0.63.jar:9.0.63]
	at org.apache.catalina.core.ApplicationFilterChain.internalDoFilter(ApplicationFilterChain.java:189) ~[tomcat-embed-core-9.0.63.jar:9.0.63]
	at org.apache.catalina.core.ApplicationFilterChain.doFilter(ApplicationFilterChain.java:162) ~[tomcat-embed-core-9.0.63.jar:9.0.63]
	at org.springframework.web.filter.RequestContextFilter.doFilterInternal(RequestContextFilter.java:100) ~[spring-web-5.3.20.jar:5.3.20]
	at org.springframework.web.filter.OncePerRequestFilter.doFilter(OncePerRequestFilter.java:117) ~[spring-web-5.3.20.jar:5.3.20]
	at org.apache.catalina.core.ApplicationFilterChain.internalDoFilter(ApplicationFilterChain.java:189) ~[tomcat-embed-core-9.0.63.jar:9.0.63]
	at org.apache.catalina.core.ApplicationFilterChain.doFilter(ApplicationFilterChain.java:162) ~[tomcat-embed-core-9.0.63.jar:9.0.63]
	at org.springframework.web.filter.FormContentFilter.doFilterInternal(FormContentFilter.java:93) ~[spring-web-5.3.20.jar:5.3.20]
	at org.springframework.web.filter.OncePerRequestFilter.doFilter(OncePerRequestFilter.java:117) ~[spring-web-5.3.20.jar:5.3.20]
	at org.apache.catalina.core.ApplicationFilterChain.internalDoFilter(ApplicationFilterChain.java:189) ~[tomcat-embed-core-9.0.63.jar:9.0.63]
	at org.apache.catalina.core.ApplicationFilterChain.doFilter(ApplicationFilterChain.java:162) ~[tomcat-embed-core-9.0.63.jar:9.0.63]
	at org.springframework.web.filter.CharacterEncodingFilter.doFilterInternal(CharacterEncodingFilter.java:201) ~[spring-web-5.3.20.jar:5.3.20]
	at org.springframework.web.filter.OncePerRequestFilter.doFilter(OncePerRequestFilter.java:117) ~[spring-web-5.3.20.jar:5.3.20]
	at org.apache.catalina.core.ApplicationFilterChain.internalDoFilter(ApplicationFilterChain.java:189) ~[tomcat-embed-core-9.0.63.jar:9.0.63]
	at org.apache.catalina.core.ApplicationFilterChain.doFilter(ApplicationFilterChain.java:162) ~[tomcat-embed-core-9.0.63.jar:9.0.63]
	at org.apache.catalina.core.StandardWrapperValve.invoke(StandardWrapperValve.java:197) ~[tomcat-embed-core-9.0.63.jar:9.0.63]
	at org.apache.catalina.core.StandardContextValve.invoke(StandardContextValve.java:97) ~[tomcat-embed-core-9.0.63.jar:9.0.63]
	at org.apache.catalina.authenticator.AuthenticatorBase.invoke(AuthenticatorBase.java:541) ~[tomcat-embed-core-9.0.63.jar:9.0.63]
	at org.apache.catalina.core.StandardHostValve.invoke(StandardHostValve.java:135) ~[tomcat-embed-core-9.0.63.jar:9.0.63]
	at org.apache.catalina.valves.ErrorReportValve.invoke(ErrorReportValve.java:92) ~[tomcat-embed-core-9.0.63.jar:9.0.63]
	at org.apache.catalina.core.StandardEngineValve.invoke(StandardEngineValve.java:78) ~[tomcat-embed-core-9.0.63.jar:9.0.63]
	at org.apache.catalina.connector.CoyoteAdapter.service(CoyoteAdapter.java:360) ~[tomcat-embed-core-9.0.63.jar:9.0.63]
	at org.apache.coyote.http11.Http11Processor.service(Http11Processor.java:399) ~[tomcat-embed-core-9.0.63.jar:9.0.63]
	at org.apache.coyote.AbstractProcessorLight.process(AbstractProcessorLight.java:65) ~[tomcat-embed-core-9.0.63.jar:9.0.63]
	at org.apache.coyote.AbstractProtocol$ConnectionHandler.process(AbstractProtocol.java:890) ~[tomcat-embed-core-9.0.63.jar:9.0.63]
	at org.apache.tomcat.util.net.NioEndpoint$SocketProcessor.doRun(NioEndpoint.java:1743) ~[tomcat-embed-core-9.0.63.jar:9.0.63]
	at org.apache.tomcat.util.net.SocketProcessorBase.run(SocketProcessorBase.java:49) ~[tomcat-embed-core-9.0.63.jar:9.0.63]
	at org.apache.tomcat.util.threads.ThreadPoolExecutor.runWorker(ThreadPoolExecutor.java:1191) ~[tomcat-embed-core-9.0.63.jar:9.0.63]
	at org.apache.tomcat.util.threads.ThreadPoolExecutor$Worker.run(ThreadPoolExecutor.java:659) ~[tomcat-embed-core-9.0.63.jar:9.0.63]
	at org.apache.tomcat.util.threads.TaskThread$WrappingRunnable.run(TaskThread.java:61) ~[tomcat-embed-core-9.0.63.jar:9.0.63]
	at java.base/java.lang.Thread.run(Thread.java:833) ~[na:na]

2022-05-28 10:12:19.281  INFO 35144 --- [restartedMain] c.b.a.AddressBookAppApplication          : Starting AddressBookAppApplication using Java 17.0.2 on LAPTOP-JOB4074E with PID 35144 (C:\Users\91824\Documents\workspace-spring-tool-suite-4-4.14.1.RELEASE\AddressBookApp\target\classes started by root in C:\Users\91824\Documents\workspace-spring-tool-suite-4-4.14.1.RELEASE\AddressBookApp)
2022-05-28 10:12:19.281 DEBUG 35144 --- [restartedMain] c.b.a.AddressBookAppApplication          : Running with Spring Boot v2.7.0, Spring v5.3.20
2022-05-28 10:12:19.281  INFO 35144 --- [restartedMain] c.b.a.AddressBookAppApplication          : The following 1 profile is active: "dev"
2022-05-28 10:12:19.899  WARN 35144 --- [restartedMain] JpaBaseConfiguration$JpaWebConfiguration : spring.jpa.open-in-view is enabled by default. Therefore, database queries may be performed during view rendering. Explicitly configure spring.jpa.open-in-view to disable this warning
2022-05-28 10:12:20.051  INFO 35144 --- [restartedMain] c.b.a.AddressBookAppApplication          : Started AddressBookAppApplication in 0.811 seconds (JVM running for 754.447)
2022-05-28 10:12:20.054  INFO 35144 --- [restartedMain] c.b.a.AddressBookAppApplication          : logging started
2022-05-28 10:12:20.055  INFO 35144 --- [restartedMain] c.b.a.AddressBookAppApplication          : Employee payroll is started in COMMON environment
2022-05-28 10:12:20.055  INFO 35144 --- [restartedMain] c.b.a.AddressBookAppApplication          : Employee payroll DB user is root 
2022-05-28 11:25:40.634  WARN 35144 --- [HikariPool-5 housekeeper] com.zaxxer.hikari.pool.HikariPool        : HikariPool-5 - Thread starvation or clock leap detected (housekeeper delta=1h12m50s815ms847µs).
2022-05-28 11:48:58.334  INFO 35144 --- [restartedMain] c.b.a.AddressBookAppApplication          : Starting AddressBookAppApplication using Java 17.0.2 on LAPTOP-JOB4074E with PID 35144 (C:\Users\91824\Documents\workspace-spring-tool-suite-4-4.14.1.RELEASE\AddressBookApp\target\classes started by root in C:\Users\91824\Documents\workspace-spring-tool-suite-4-4.14.1.RELEASE\AddressBookApp)
2022-05-28 11:48:58.334 DEBUG 35144 --- [restartedMain] c.b.a.AddressBookAppApplication          : Running with Spring Boot v2.7.0, Spring v5.3.20
2022-05-28 11:48:58.335  INFO 35144 --- [restartedMain] c.b.a.AddressBookAppApplication          : The following 1 profile is active: "dev"
2022-05-28 11:48:58.985  WARN 35144 --- [restartedMain] JpaBaseConfiguration$JpaWebConfiguration : spring.jpa.open-in-view is enabled by default. Therefore, database queries may be performed during view rendering. Explicitly configure spring.jpa.open-in-view to disable this warning
2022-05-28 11:48:59.130  INFO 35144 --- [restartedMain] c.b.a.AddressBookAppApplication          : Started AddressBookAppApplication in 0.844 seconds (JVM running for 6553.533)
2022-05-28 11:48:59.132  INFO 35144 --- [restartedMain] c.b.a.AddressBookAppApplication          : logging started
2022-05-28 11:48:59.133  INFO 35144 --- [restartedMain] c.b.a.AddressBookAppApplication          : Employee payroll is started in COMMON environment
2022-05-28 11:48:59.133  INFO 35144 --- [restartedMain] c.b.a.AddressBookAppApplication          : Employee payroll DB user is root 
2022-05-28 11:54:01.948  INFO 35144 --- [restartedMain] c.b.a.AddressBookAppApplication          : Starting AddressBookAppApplication using Java 17.0.2 on LAPTOP-JOB4074E with PID 35144 (C:\Users\91824\Documents\workspace-spring-tool-suite-4-4.14.1.RELEASE\AddressBookApp\target\classes started by root in C:\Users\91824\Documents\workspace-spring-tool-suite-4-4.14.1.RELEASE\AddressBookApp)
2022-05-28 11:54:01.948 DEBUG 35144 --- [restartedMain] c.b.a.AddressBookAppApplication          : Running with Spring Boot v2.7.0, Spring v5.3.20
2022-05-28 11:54:01.948  INFO 35144 --- [restartedMain] c.b.a.AddressBookAppApplication          : The following 1 profile is active: "dev"
2022-05-28 11:54:02.390  WARN 35144 --- [restartedMain] JpaBaseConfiguration$JpaWebConfiguration : spring.jpa.open-in-view is enabled by default. Therefore, database queries may be performed during view rendering. Explicitly configure spring.jpa.open-in-view to disable this warning
2022-05-28 11:54:02.497  INFO 35144 --- [restartedMain] c.b.a.AddressBookAppApplication          : Started AddressBookAppApplication in 0.577 seconds (JVM running for 6856.9)
2022-05-28 11:54:02.499  INFO 35144 --- [restartedMain] c.b.a.AddressBookAppApplication          : logging started
2022-05-28 11:54:02.499  INFO 35144 --- [restartedMain] c.b.a.AddressBookAppApplication          : Employee payroll is started in COMMON environment
2022-05-28 11:54:02.499  INFO 35144 --- [restartedMain] c.b.a.AddressBookAppApplication          : Employee payroll DB user is root 
2022-05-28 11:55:09.627  INFO 35144 --- [restartedMain] c.b.a.AddressBookAppApplication          : Starting AddressBookAppApplication using Java 17.0.2 on LAPTOP-JOB4074E with PID 35144 (C:\Users\91824\Documents\workspace-spring-tool-suite-4-4.14.1.RELEASE\AddressBookApp\target\classes started by root in C:\Users\91824\Documents\workspace-spring-tool-suite-4-4.14.1.RELEASE\AddressBookApp)
2022-05-28 11:55:09.628 DEBUG 35144 --- [restartedMain] c.b.a.AddressBookAppApplication          : Running with Spring Boot v2.7.0, Spring v5.3.20
2022-05-28 11:55:09.628  INFO 35144 --- [restartedMain] c.b.a.AddressBookAppApplication          : The following 1 profile is active: "dev"
2022-05-28 11:55:10.003  WARN 35144 --- [restartedMain] JpaBaseConfiguration$JpaWebConfiguration : spring.jpa.open-in-view is enabled by default. Therefore, database queries may be performed during view rendering. Explicitly configure spring.jpa.open-in-view to disable this warning
2022-05-28 11:55:10.089  INFO 35144 --- [restartedMain] c.b.a.AddressBookAppApplication          : Started AddressBookAppApplication in 0.489 seconds (JVM running for 6924.491)
2022-05-28 11:55:10.091  INFO 35144 --- [restartedMain] c.b.a.AddressBookAppApplication          : logging started
2022-05-28 11:55:10.092  INFO 35144 --- [restartedMain] c.b.a.AddressBookAppApplication          : Employee payroll is started in COMMON environment
2022-05-28 11:55:10.092  INFO 35144 --- [restartedMain] c.b.a.AddressBookAppApplication          : Employee payroll DB user is root 
2022-05-28 11:56:18.313  INFO 35144 --- [restartedMain] c.b.a.AddressBookAppApplication          : Starting AddressBookAppApplication using Java 17.0.2 on LAPTOP-JOB4074E with PID 35144 (C:\Users\91824\Documents\workspace-spring-tool-suite-4-4.14.1.RELEASE\AddressBookApp\target\classes started by root in C:\Users\91824\Documents\workspace-spring-tool-suite-4-4.14.1.RELEASE\AddressBookApp)
2022-05-28 11:56:18.313 DEBUG 35144 --- [restartedMain] c.b.a.AddressBookAppApplication          : Running with Spring Boot v2.7.0, Spring v5.3.20
2022-05-28 11:56:18.313  INFO 35144 --- [restartedMain] c.b.a.AddressBookAppApplication          : The following 1 profile is active: "dev"
2022-05-28 11:56:18.698  WARN 35144 --- [restartedMain] JpaBaseConfiguration$JpaWebConfiguration : spring.jpa.open-in-view is enabled by default. Therefore, database queries may be performed during view rendering. Explicitly configure spring.jpa.open-in-view to disable this warning
2022-05-28 11:56:18.776  INFO 35144 --- [restartedMain] c.b.a.AddressBookAppApplication          : Started AddressBookAppApplication in 0.488 seconds (JVM running for 6993.178)
2022-05-28 11:56:18.777  INFO 35144 --- [restartedMain] c.b.a.AddressBookAppApplication          : logging started
2022-05-28 11:56:18.778  INFO 35144 --- [restartedMain] c.b.a.AddressBookAppApplication          : Employee payroll is started in COMMON environment
2022-05-28 11:56:18.778  INFO 35144 --- [restartedMain] c.b.a.AddressBookAppApplication          : Employee payroll DB user is root 
